Connecting to database specified by database.yml


Started GET "/" for 127.0.0.1 at 2014-03-31 19:59:00 -0700
Processing by HomeController#index as HTML
Redirected to http://0.0.0.0:3000/login/prompt
Filter chain halted as :authenticate rendered or redirected
Completed 302 Found in 0.9ms (ActiveRecord: 0.0ms)


Started GET "/login/prompt" for 127.0.0.1 at 2014-03-31 19:59:01 -0700
Processing by LoginController#prompt as HTML
  Rendered login/prompt.html.erb within layouts/application (1.3ms)
Compiled campaign.css  (0ms)  (pid 2793)
Compiled global.css  (0ms)  (pid 2793)
Compiled report.css  (0ms)  (pid 2793)
Compiled application.css  (54ms)  (pid 2793)
Compiled jquery.js  (3ms)  (pid 2793)
Compiled jquery_ujs.js  (0ms)  (pid 2793)
Compiled campaign.js  (0ms)  (pid 2793)
Compiled report.js  (0ms)  (pid 2793)
Compiled application.js  (22ms)  (pid 2793)
Completed 500 Internal Server Error in 166.7ms

ActionView::Template::Error (Could not find table 'sessions'):
    2: <title>AdwordsOnRails Demo</title>
    3: <%= stylesheet_link_tag    "application" %>
    4: <%= javascript_include_tag "application" %>
    5: <%= csrf_meta_tags %>
    6: 
    7: <div id="global-header">
    8:   <% account_text = (@selected_account.nil?) ? 'Not selected' : @selected_account %>
  app/views/layouts/application.html.erb:5:in `_app_views_layouts_application_html_erb__3246698451276977526_70227327056720'


  Rendered /Users/Justus/.rvm/gems/ruby-2.0.0-p353/gems/actionpack-3.2.15/lib/action_dispatch/middleware/templates/rescues/_trace.erb (1.3ms)
  Rendered /Users/Justus/.rvm/gems/ruby-2.0.0-p353/gems/actionpack-3.2.15/lib/action_dispatch/middleware/templates/rescues/_request_and_response.erb (1.0ms)
  Rendered /Users/Justus/.rvm/gems/ruby-2.0.0-p353/gems/actionpack-3.2.15/lib/action_dispatch/middleware/templates/rescues/template_error.erb within rescues/layout (8.5ms)
Connecting to database specified by database.yml
  [1m[36m (0.6ms)[0m  [1mselect sqlite_version(*)[0m
  [1m[35m (1.6ms)[0m  CREATE TABLE "schema_migrations" ("version" varchar(255) NOT NULL) 
  [1m[36m (1.0ms)[0m  [1mCREATE UNIQUE INDEX "unique_schema_migrations" ON "schema_migrations" ("version")[0m
  [1m[35m (0.1ms)[0m  SELECT "schema_migrations"."version" FROM "schema_migrations" 
Migrating to AddSessionsTable (20110823220412)
  [1m[36m (0.0ms)[0m  [1mbegin transaction[0m
  [1m[35m (0.4ms)[0m  CREATE TABLE "sessions" ("id" INTEGER PRIMARY KEY AUTOINCREMENT NOT NULL, "session_id" varchar(255) NOT NULL, "data" text, "created_at" datetime NOT NULL, "updated_at" datetime NOT NULL) 
  [1m[36m (0.1ms)[0m  [1mCREATE INDEX "index_sessions_on_session_id" ON "sessions" ("session_id")[0m
  [1m[35m (0.1ms)[0m  CREATE INDEX "index_sessions_on_updated_at" ON "sessions" ("updated_at")
  [1m[36m (0.1ms)[0m  [1mINSERT INTO "schema_migrations" ("version") VALUES ('20110823220412')[0m
  [1m[35m (0.7ms)[0m  commit transaction
  [1m[36m (0.1ms)[0m  [1mSELECT "schema_migrations"."version" FROM "schema_migrations" [0m
Connecting to database specified by database.yml


Started GET "/login/prompt" for 127.0.0.1 at 2014-03-31 19:59:30 -0700
Processing by LoginController#prompt as HTML
  Rendered login/prompt.html.erb within layouts/application (1.0ms)
Completed 200 OK in 84.2ms (Views: 76.7ms | ActiveRecord: 0.8ms)


Started GET "/assets/application.css?body=1" for 127.0.0.1 at 2014-03-31 19:59:31 -0700
Served asset /application.css - 200 OK (14ms)


Started GET "/assets/campaign.css?body=1" for 127.0.0.1 at 2014-03-31 19:59:31 -0700
Served asset /campaign.css - 200 OK (1ms)


Started GET "/assets/report.css?body=1" for 127.0.0.1 at 2014-03-31 19:59:31 -0700
Served asset /report.css - 200 OK (2ms)


Started GET "/assets/campaign.js?body=1" for 127.0.0.1 at 2014-03-31 19:59:31 -0700
Served asset /campaign.js - 200 OK (1ms)


Started GET "/assets/global.css?body=1" for 127.0.0.1 at 2014-03-31 19:59:31 -0700
Served asset /global.css - 200 OK (1ms)


Started GET "/assets/report.js?body=1" for 127.0.0.1 at 2014-03-31 19:59:31 -0700
Served asset /report.js - 200 OK (1ms)


Started GET "/assets/jquery.js?body=1" for 127.0.0.1 at 2014-03-31 19:59:31 -0700
Served asset /jquery.js - 200 OK (36ms)


Started GET "/assets/jquery_ujs.js?body=1" for 127.0.0.1 at 2014-03-31 19:59:31 -0700
Served asset /jquery_ujs.js - 200 OK (1ms)


Started GET "/assets/application.js?body=1" for 127.0.0.1 at 2014-03-31 19:59:31 -0700
Served asset /application.js - 200 OK (7ms)
